[0.015s] Invoking command in '/home/kalyani-robotics/ros2_ws/src/distance_calculator/build/distance_calculator': /usr/bin/cmake /home/kalyani-robotics/ros2_ws/src/distance_calculator -DCMAKE_INSTALL_PREFIX=/home/kalyani-robotics/ros2_ws/src/distance_calculator/install/distance_calculator
[0.124s] -- The C compiler identification is GNU 11.4.0
[0.227s] -- The CXX compiler identification is GNU 11.4.0
[0.244s] -- Detecting C compiler ABI info
[0.385s] -- Detecting C compiler ABI info - done
[0.403s] -- Check for working C compiler: /usr/bin/cc - skipped
[0.403s] -- Detecting C compile features
[0.404s] -- Detecting C compile features - done
[0.408s] -- Detecting CXX compiler ABI info
[0.561s] -- Detecting CXX compiler ABI info - done
[0.579s] -- Check for working CXX compiler: /usr/bin/c++ - skipped
[0.579s] -- Detecting CXX compile features
[0.580s] -- Detecting CXX compile features - done
[0.584s] -- Found ament_cmake: 1.3.10 (/opt/ros/humble/share/ament_cmake/cmake)
[0.800s] -- Found Python3: /usr/bin/python3 (found version "3.10.12") found components: Interpreter 
[0.922s] -- Found rclpy: 3.3.14 (/opt/ros/humble/share/rclpy/cmake)
[0.938s] -- Found sensor_msgs: 4.2.4 (/opt/ros/humble/share/sensor_msgs/cmake)
[1.115s] -- Found rosidl_generator_c: 3.1.5 (/opt/ros/humble/share/rosidl_generator_c/cmake)
[1.138s] -- Found rosidl_adapter: 3.1.5 (/opt/ros/humble/share/rosidl_adapter/cmake)
[1.179s] -- Found rosidl_generator_cpp: 3.1.5 (/opt/ros/humble/share/rosidl_generator_cpp/cmake)
[1.211s] -- Using all available rosidl_typesupport_c: rosidl_typesupport_fastrtps_c;rosidl_typesupport_introspection_c
[1.278s] -- Using all available rosidl_typesupport_cpp: rosidl_typesupport_fastrtps_cpp;rosidl_typesupport_introspection_cpp
[1.387s] -- Found rosidl_default_generators: 1.2.0 (/opt/ros/humble/share/rosidl_default_generators/cmake)
[1.662s] Error parsing '/home/kalyani-robotics/ros2_ws/src/distance_calculator/package.xml':
[1.698s] Traceback (most recent call last):
[1.698s]   File "/opt/ros/humble/share/ament_cmake_core/cmake/core/package_xml_2_cmake.py", line 150, in <module>
[1.698s]     main()
[1.699s]   File "/opt/ros/humble/share/ament_cmake_core/cmake/core/package_xml_2_cmake.py", line 53, in main
[1.699s]     raise e
[1.699s]   File "/opt/ros/humble/share/ament_cmake_core/cmake/core/package_xml_2_cmake.py", line 49, in main
[1.699s]     package = parse_package_string(
[1.699s]   File "/usr/lib/python3/dist-packages/catkin_pkg/package.py", line 786, in parse_package_string
[1.710s]     raise InvalidPackage('Error(s):%s' % (''.join(['\n- %s' % e for e in errors])), filename)
[1.710s] catkin_pkg.package.InvalidPackage: Error(s) in package '/home/kalyani-robotics/ros2_ws/src/distance_calculator/package.xml':
[1.710s] Error(s):
[1.710s] - The generic dependency on 'geometry_msgs' is redundant with: exec_depend
[1.736s] [31mCMake Error at /opt/ros/humble/share/ament_cmake_core/cmake/core/ament_package_xml.cmake:95 (message):
[1.736s]   execute_process(/usr/bin/python3
[1.736s]   /opt/ros/humble/share/ament_cmake_core/cmake/core/package_xml_2_cmake.py
[1.736s]   /home/kalyani-robotics/ros2_ws/src/distance_calculator/package.xml
[1.736s]   /home/kalyani-robotics/ros2_ws/src/distance_calculator/build/distance_calculator/ament_cmake_core/package.cmake)
[1.736s]   returned error code 1
[1.737s] Call Stack (most recent call first):
[1.737s]   /opt/ros/humble/share/ament_cmake_core/cmake/core/ament_package_xml.cmake:49 (_ament_package_xml)
[1.737s]   /opt/ros/humble/share/rosidl_cmake/cmake/rosidl_generate_interfaces.cmake:226 (ament_package_xml)
[1.737s]   CMakeLists.txt:19 (rosidl_generate_interfaces)
[1.737s] 
[1.737s] [0m
[1.738s] -- Configuring incomplete, errors occurred!
[1.738s] See also "/home/kalyani-robotics/ros2_ws/src/distance_calculator/build/distance_calculator/CMakeFiles/CMakeOutput.log".
[1.753s] Invoked command in '/home/kalyani-robotics/ros2_ws/src/distance_calculator/build/distance_calculator' returned '1': /usr/bin/cmake /home/kalyani-robotics/ros2_ws/src/distance_calculator -DCMAKE_INSTALL_PREFIX=/home/kalyani-robotics/ros2_ws/src/distance_calculator/install/distance_calculator
