running egg_info
creating build/distance_calculator/distance_calculator.egg-info
writing build/distance_calculator/distance_calculator.egg-info/PKG-INFO
writing dependency_links to build/distance_calculator/distance_calculator.egg-info/dependency_links.txt
writing entry points to build/distance_calculator/distance_calculator.egg-info/entry_points.txt
writing requirements to build/distance_calculator/distance_calculator.egg-info/requires.txt
writing top-level names to build/distance_calculator/distance_calculator.egg-info/top_level.txt
writing manifest file 'build/distance_calculator/distance_calculator.egg-info/SOURCES.txt'
reading manifest file 'build/distance_calculator/distance_calculator.egg-info/SOURCES.txt'
writing manifest file 'build/distance_calculator/distance_calculator.egg-info/SOURCES.txt'
running build
running build_py
creating /home/kalyani-robotics/ros2_ws/src/distance_calculator/build/distance_calculator/build
creating /home/kalyani-robotics/ros2_ws/src/distance_calculator/build/distance_calculator/build/lib
creating /home/kalyani-robotics/ros2_ws/src/distance_calculator/build/distance_calculator/build/lib/distance_calculator
copying distance_calculator/click_to_depth.py -> /home/kalyani-robotics/ros2_ws/src/distance_calculator/build/distance_calculator/build/lib/distance_calculator
copying distance_calculator/__init__.py -> /home/kalyani-robotics/ros2_ws/src/distance_calculator/build/distance_calculator/build/lib/distance_calculator
copying distance_calculator/distance_calculator.py -> /home/kalyani-robotics/ros2_ws/src/distance_calculator/build/distance_calculator/build/lib/distance_calculator
running install
running install_lib
creating /home/kalyani-robotics/ros2_ws/src/distance_calculator/install/distance_calculator/lib/python3.10/site-packages/distance_calculator
copying /home/kalyani-robotics/ros2_ws/src/distance_calculator/build/distance_calculator/build/lib/distance_calculator/click_to_depth.py -> /home/kalyani-robotics/ros2_ws/src/distance_calculator/install/distance_calculator/lib/python3.10/site-packages/distance_calculator
copying /home/kalyani-robotics/ros2_ws/src/distance_calculator/build/distance_calculator/build/lib/distance_calculator/__init__.py -> /home/kalyani-robotics/ros2_ws/src/distance_calculator/install/distance_calculator/lib/python3.10/site-packages/distance_calculator
copying /home/kalyani-robotics/ros2_ws/src/distance_calculator/build/distance_calculator/build/lib/distance_calculator/distance_calculator.py -> /home/kalyani-robotics/ros2_ws/src/distance_calculator/install/distance_calculator/lib/python3.10/site-packages/distance_calculator
byte-compiling /home/kalyani-robotics/ros2_ws/src/distance_calculator/install/distance_calculator/lib/python3.10/site-packages/distance_calculator/click_to_depth.py to click_to_depth.cpython-310.pyc
byte-compiling /home/kalyani-robotics/ros2_ws/src/distance_calculator/install/distance_calculator/lib/python3.10/site-packages/distance_calculator/__init__.py to __init__.cpython-310.pyc
byte-compiling /home/kalyani-robotics/ros2_ws/src/distance_calculator/install/distance_calculator/lib/python3.10/site-packages/distance_calculator/distance_calculator.py to distance_calculator.cpython-310.pyc
running install_data
creating /home/kalyani-robotics/ros2_ws/src/distance_calculator/install/distance_calculator/share/ament_index
creating /home/kalyani-robotics/ros2_ws/src/distance_calculator/install/distance_calculator/share/ament_index/resource_index
creating /home/kalyani-robotics/ros2_ws/src/distance_calculator/install/distance_calculator/share/ament_index/resource_index/packages
copying resource/distance_calculator -> /home/kalyani-robotics/ros2_ws/src/distance_calculator/install/distance_calculator/share/ament_index/resource_index/packages
copying package.xml -> /home/kalyani-robotics/ros2_ws/src/distance_calculator/install/distance_calculator/share/distance_calculator
creating /home/kalyani-robotics/ros2_ws/src/distance_calculator/install/distance_calculator/share/distance_calculator/launch
copying launch/realsense_launch.py -> /home/kalyani-robotics/ros2_ws/src/distance_calculator/install/distance_calculator/share/distance_calculator/launch
running install_egg_info
Copying build/distance_calculator/distance_calculator.egg-info to /home/kalyani-robotics/ros2_ws/src/distance_calculator/install/distance_calculator/lib/python3.10/site-packages/distance_calculator-0.0.0-py3.10.egg-info
running install_scripts
Installing click_to_depth script to /home/kalyani-robotics/ros2_ws/src/distance_calculator/install/distance_calculator/lib/distance_calculator
Installing distance_calculator script to /home/kalyani-robotics/ros2_ws/src/distance_calculator/install/distance_calculator/lib/distance_calculator
writing list of installed files to '/home/kalyani-robotics/ros2_ws/src/distance_calculator/build/distance_calculator/install.log'
